<?xml version="1.0" encoding="UTF-8"?>
<coverage generated="1752335729166" clover="3.2.0">
  <project timestamp="1752335729166" name="All files">
    <metrics statements="64" coveredstatements="64" conditionals="22" coveredconditionals="22" methods="20" coveredmethods="20" elements="106" coveredelements="106" complexity="0" loc="64" ncloc="64" packages="1" files="2" classes="2"/>
    <file name="game.js" path="/Users/theodoreong/repos/battleship/src/game.js">
      <metrics statements="58" coveredstatements="58" conditionals="22" coveredconditionals="22" methods="15" coveredmethods="15"/>
      <line num="4" count="2" type="stmt"/>
      <line num="6" count="2" type="stmt"/>
      <line num="7" count="2" type="stmt"/>
      <line num="8" count="2" type="stmt"/>
      <line num="10" count="2" type="stmt"/>
      <line num="11" count="20" type="stmt"/>
      <line num="12" count="20" type="stmt"/>
      <line num="13" count="200" type="stmt"/>
      <line num="18" count="1" type="stmt"/>
      <line num="21" count="2" type="stmt"/>
      <line num="22" count="10" type="stmt"/>
      <line num="23" count="100" type="stmt"/>
      <line num="24" count="1000" type="stmt"/>
      <line num="25" count="100" type="stmt"/>
      <line num="29" count="2" type="stmt"/>
      <line num="30" count="11" type="cond" truecount="2" falsecount="0"/>
      <line num="31" count="7" type="stmt"/>
      <line num="32" count="14" type="stmt"/>
      <line num="33" count="14" type="stmt"/>
      <line num="34" count="14" type="stmt"/>
      <line num="35" count="14" type="stmt"/>
      <line num="36" count="42" type="stmt"/>
      <line num="37" count="42" type="stmt"/>
      <line num="41" count="4" type="stmt"/>
      <line num="42" count="10" type="stmt"/>
      <line num="43" count="10" type="stmt"/>
      <line num="44" count="10" type="stmt"/>
      <line num="45" count="10" type="stmt"/>
      <line num="46" count="30" type="stmt"/>
      <line num="47" count="30" type="stmt"/>
      <line num="53" count="216" type="cond" truecount="4" falsecount="0"/>
      <line num="55" count="202" type="cond" truecount="2" falsecount="0"/>
      <line num="57" count="2" type="stmt"/>
      <line num="58" count="216" type="cond" truecount="4" falsecount="0"/>
      <line num="61" count="360" type="stmt"/>
      <line num="64" count="46" type="stmt"/>
      <line num="65" count="62" type="cond" truecount="2" falsecount="0"/>
      <line num="67" count="32" type="cond" truecount="2" falsecount="0"/>
      <line num="70" count="30" type="cond" truecount="2" falsecount="0"/>
      <line num="73" count="12" type="stmt"/>
      <line num="76" count="2" type="stmt"/>
      <line num="77" count="1" type="stmt"/>
      <line num="78" count="10" type="stmt"/>
      <line num="79" count="10" type="stmt"/>
      <line num="82" count="10" type="stmt"/>
      <line num="83" count="42" type="stmt"/>
      <line num="84" count="42" type="stmt"/>
      <line num="85" count="42" type="cond" truecount="2" falsecount="0"/>
      <line num="86" count="42" type="stmt"/>
      <line num="87" count="42" type="cond" truecount="2" falsecount="0"/>
      <line num="88" count="10" type="stmt"/>
      <line num="89" count="10" type="stmt"/>
      <line num="92" count="10" type="stmt"/>
      <line num="93" count="10" type="stmt"/>
      <line num="101" count="126" type="stmt"/>
      <line num="107" count="200" type="stmt"/>
      <line num="111" count="1" type="stmt"/>
      <line num="112" count="1" type="stmt"/>
    </file>
    <file name="ship.js" path="/Users/theodoreong/repos/battleship/src/ship.js">
      <metrics statements="6" coveredstatements="6" conditionals="0" coveredconditionals="0" methods="5" coveredmethods="5"/>
      <line num="3" count="11" type="stmt"/>
      <line num="5" count="11" type="stmt"/>
      <line num="9" count="1" type="stmt"/>
      <line num="13" count="2" type="stmt"/>
      <line num="16" count="11" type="stmt"/>
      <line num="18" count="11" type="stmt"/>
    </file>
  </project>
</coverage>
