{"/Users/theodoreong/repos/battleship/src/game.js": {"path":"/Users/theodoreong/repos/battleship/src/game.js","statementMap":{"0":{"start":{"line":4,"column":13},"end":{"line":4,"column":15}},"1":{"start":{"line":6,"column":21},"end":{"line":6,"column":23}},"2":{"start":{"line":7,"column":24},"end":{"line":7,"column":26}},"3":{"start":{"line":8,"column":8},"end":{"line":8,"column":51}},"4":{"start":{"line":10,"column":8},"end":{"line":14,"column":10}},"5":{"start":{"line":10,"column":21},"end":{"line":10,"column":22}},"6":{"start":{"line":11,"column":8},"end":{"line":11,"column":28}},"7":{"start":{"line":12,"column":8},"end":{"line":14,"column":9}},"8":{"start":{"line":12,"column":21},"end":{"line":12,"column":22}},"9":{"start":{"line":13,"column":12},"end":{"line":13,"column":44}},"10":{"start":{"line":18,"column":8},"end":{"line":18,"column":26}},"11":{"start":{"line":21,"column":17},"end":{"line":27,"column":5}},"12":{"start":{"line":22,"column":8},"end":{"line":26,"column":10}},"13":{"start":{"line":23,"column":25},"end":{"line":23,"column":27}},"14":{"start":{"line":24,"column":12},"end":{"line":24,"column":53}},"15":{"start":{"line":24,"column":32},"end":{"line":24,"column":52}},"16":{"start":{"line":25,"column":12},"end":{"line":25,"column":31}},"17":{"start":{"line":29,"column":16},"end":{"line":51,"column":5}},"18":{"start":{"line":30,"column":8},"end":{"line":50,"column":9}},"19":{"start":{"line":31,"column":12},"end":{"line":39,"column":13}},"20":{"start":{"line":31,"column":25},"end":{"line":31,"column":26}},"21":{"start":{"line":32,"column":16},"end":{"line":32,"column":48}},"22":{"start":{"line":33,"column":16},"end":{"line":33,"column":50}},"23":{"start":{"line":34,"column":16},"end":{"line":34,"column":50}},"24":{"start":{"line":35,"column":16},"end":{"line":38,"column":17}},"25":{"start":{"line":35,"column":29},"end":{"line":35,"column":31}},"26":{"start":{"line":36,"column":20},"end":{"line":36,"column":54}},"27":{"start":{"line":37,"column":20},"end":{"line":37,"column":59}},"28":{"start":{"line":41,"column":12},"end":{"line":49,"column":13}},"29":{"start":{"line":41,"column":25},"end":{"line":41,"column":26}},"30":{"start":{"line":42,"column":16},"end":{"line":42,"column":48}},"31":{"start":{"line":43,"column":16},"end":{"line":43,"column":50}},"32":{"start":{"line":44,"column":16},"end":{"line":44,"column":50}},"33":{"start":{"line":45,"column":16},"end":{"line":48,"column":17}},"34":{"start":{"line":45,"column":29},"end":{"line":45,"column":31}},"35":{"start":{"line":46,"column":20},"end":{"line":46,"column":54}},"36":{"start":{"line":47,"column":20},"end":{"line":47,"column":59}},"37":{"start":{"line":53,"column":16},"end":{"line":53,"column":62}},"38":{"start":{"line":53,"column":26},"end":{"line":53,"column":62}},"39":{"start":{"line":55,"column":19},"end":{"line":55,"column":87}},"40":{"start":{"line":55,"column":29},"end":{"line":55,"column":87}},"41":{"start":{"line":57,"column":15},"end":{"line":59,"column":5}},"42":{"start":{"line":58,"column":8},"end":{"line":58,"column":92}},"43":{"start":{"line":58,"column":61},"end":{"line":58,"column":92}},"44":{"start":{"line":61,"column":15},"end":{"line":61,"column":48}},"45":{"start":{"line":61,"column":25},"end":{"line":61,"column":48}},"46":{"start":{"line":64,"column":8},"end":{"line":72,"column":9}},"47":{"start":{"line":64,"column":21},"end":{"line":64,"column":22}},"48":{"start":{"line":65,"column":12},"end":{"line":71,"column":13}},"49":{"start":{"line":67,"column":16},"end":{"line":67,"column":65}},"50":{"start":{"line":67,"column":53},"end":{"line":67,"column":65}},"51":{"start":{"line":70,"column":16},"end":{"line":70,"column":65}},"52":{"start":{"line":70,"column":53},"end":{"line":70,"column":65}},"53":{"start":{"line":73,"column":8},"end":{"line":73,"column":19}},"54":{"start":{"line":76,"column":20},"end":{"line":99,"column":5}},"55":{"start":{"line":77,"column":8},"end":{"line":94,"column":10}},"56":{"start":{"line":78,"column":23},"end":{"line":78,"column":39}},"57":{"start":{"line":79,"column":12},"end":{"line":79,"column":36}},"58":{"start":{"line":82,"column":12},"end":{"line":91,"column":13}},"59":{"start":{"line":83,"column":16},"end":{"line":83,"column":50}},"60":{"start":{"line":84,"column":16},"end":{"line":84,"column":50}},"61":{"start":{"line":85,"column":16},"end":{"line":85,"column":70}},"62":{"start":{"line":86,"column":16},"end":{"line":86,"column":64}},"63":{"start":{"line":87,"column":16},"end":{"line":90,"column":17}},"64":{"start":{"line":88,"column":20},"end":{"line":88,"column":70}},"65":{"start":{"line":89,"column":20},"end":{"line":89,"column":25}},"66":{"start":{"line":92,"column":12},"end":{"line":92,"column":29}},"67":{"start":{"line":93,"column":12},"end":{"line":93,"column":25}},"68":{"start":{"line":101,"column":19},"end":{"line":101,"column":59}},"69":{"start":{"line":101,"column":28},"end":{"line":101,"column":59}},"70":{"start":{"line":107,"column":8},"end":{"line":107,"column":24}},"71":{"start":{"line":111,"column":10},"end":{"line":111,"column":25}},"72":{"start":{"line":112,"column":0},"end":{"line":112,"column":19}}},"fnMap":{"0":{"name":"(anonymous_0)","decl":{"start":{"line":5,"column":4},"end":{"line":5,"column":5}},"loc":{"start":{"line":5,"column":18},"end":{"line":15,"column":5}},"line":5},"1":{"name":"(anonymous_1)","decl":{"start":{"line":17,"column":4},"end":{"line":17,"column":5}},"loc":{"start":{"line":17,"column":16},"end":{"line":19,"column":5}},"line":17},"2":{"name":"(anonymous_2)","decl":{"start":{"line":21,"column":17},"end":{"line":21,"column":18}},"loc":{"start":{"line":21,"column":23},"end":{"line":27,"column":5}},"line":21},"3":{"name":"(anonymous_3)","decl":{"start":{"line":22,"column":28},"end":{"line":22,"column":29}},"loc":{"start":{"line":22,"column":35},"end":{"line":26,"column":9}},"line":22},"4":{"name":"(anonymous_4)","decl":{"start":{"line":24,"column":24},"end":{"line":24,"column":25}},"loc":{"start":{"line":24,"column":32},"end":{"line":24,"column":52}},"line":24},"5":{"name":"(anonymous_5)","decl":{"start":{"line":29,"column":16},"end":{"line":29,"column":17}},"loc":{"start":{"line":29,"column":56},"end":{"line":51,"column":5}},"line":29},"6":{"name":"(anonymous_6)","decl":{"start":{"line":53,"column":16},"end":{"line":53,"column":17}},"loc":{"start":{"line":53,"column":26},"end":{"line":53,"column":62}},"line":53},"7":{"name":"(anonymous_7)","decl":{"start":{"line":55,"column":19},"end":{"line":55,"column":20}},"loc":{"start":{"line":55,"column":29},"end":{"line":55,"column":87}},"line":55},"8":{"name":"(anonymous_8)","decl":{"start":{"line":57,"column":15},"end":{"line":57,"column":16}},"loc":{"start":{"line":57,"column":34},"end":{"line":59,"column":5}},"line":57},"9":{"name":"(anonymous_9)","decl":{"start":{"line":61,"column":15},"end":{"line":61,"column":16}},"loc":{"start":{"line":61,"column":25},"end":{"line":61,"column":48}},"line":61},"10":{"name":"(anonymous_10)","decl":{"start":{"line":63,"column":4},"end":{"line":63,"column":5}},"loc":{"start":{"line":63,"column":49},"end":{"line":74,"column":5}},"line":63},"11":{"name":"(anonymous_11)","decl":{"start":{"line":76,"column":20},"end":{"line":76,"column":21}},"loc":{"start":{"line":76,"column":26},"end":{"line":99,"column":5}},"line":76},"12":{"name":"(anonymous_12)","decl":{"start":{"line":77,"column":27},"end":{"line":77,"column":28}},"loc":{"start":{"line":77,"column":46},"end":{"line":94,"column":9}},"line":77},"13":{"name":"(anonymous_13)","decl":{"start":{"line":101,"column":19},"end":{"line":101,"column":20}},"loc":{"start":{"line":101,"column":28},"end":{"line":101,"column":59}},"line":101},"14":{"name":"(anonymous_14)","decl":{"start":{"line":106,"column":4},"end":{"line":106,"column":5}},"loc":{"start":{"line":106,"column":18},"end":{"line":108,"column":5}},"line":106}},"branchMap":{"0":{"loc":{"start":{"line":30,"column":8},"end":{"line":50,"column":9}},"type":"if","locations":[{"start":{"line":30,"column":8},"end":{"line":50,"column":9}},{"start":{"line":40,"column":15},"end":{"line":50,"column":9}}],"line":30},"1":{"loc":{"start":{"line":53,"column":26},"end":{"line":53,"column":62}},"type":"binary-expr","locations":[{"start":{"line":53,"column":26},"end":{"line":53,"column":32}},{"start":{"line":53,"column":36},"end":{"line":53,"column":42}},{"start":{"line":53,"column":46},"end":{"line":53,"column":52}},{"start":{"line":53,"column":56},"end":{"line":53,"column":62}}],"line":53},"2":{"loc":{"start":{"line":55,"column":29},"end":{"line":55,"column":87}},"type":"binary-expr","locations":[{"start":{"line":55,"column":29},"end":{"line":55,"column":56}},{"start":{"line":55,"column":60},"end":{"line":55,"column":87}}],"line":55},"3":{"loc":{"start":{"line":58,"column":8},"end":{"line":58,"column":92}},"type":"if","locations":[{"start":{"line":58,"column":8},"end":{"line":58,"column":92}},{"start":{},"end":{}}],"line":58},"4":{"loc":{"start":{"line":58,"column":12},"end":{"line":58,"column":59}},"type":"binary-expr","locations":[{"start":{"line":58,"column":12},"end":{"line":58,"column":32}},{"start":{"line":58,"column":36},"end":{"line":58,"column":59}}],"line":58},"5":{"loc":{"start":{"line":65,"column":12},"end":{"line":71,"column":13}},"type":"if","locations":[{"start":{"line":65,"column":12},"end":{"line":71,"column":13}},{"start":{"line":68,"column":19},"end":{"line":71,"column":13}}],"line":65},"6":{"loc":{"start":{"line":67,"column":16},"end":{"line":67,"column":65}},"type":"if","locations":[{"start":{"line":67,"column":16},"end":{"line":67,"column":65}},{"start":{},"end":{}}],"line":67},"7":{"loc":{"start":{"line":70,"column":16},"end":{"line":70,"column":65}},"type":"if","locations":[{"start":{"line":70,"column":16},"end":{"line":70,"column":65}},{"start":{},"end":{}}],"line":70},"8":{"loc":{"start":{"line":85,"column":30},"end":{"line":85,"column":70}},"type":"cond-expr","locations":[{"start":{"line":85,"column":61},"end":{"line":85,"column":64}},{"start":{"line":85,"column":67},"end":{"line":85,"column":70}}],"line":85},"9":{"loc":{"start":{"line":87,"column":16},"end":{"line":90,"column":17}},"type":"if","locations":[{"start":{"line":87,"column":16},"end":{"line":90,"column":17}},{"start":{},"end":{}}],"line":87}},"s":{"0":2,"1":2,"2":2,"3":2,"4":2,"5":2,"6":20,"7":20,"8":20,"9":200,"10":1,"11":2,"12":10,"13":100,"14":100,"15":1000,"16":100,"17":2,"18":11,"19":7,"20":7,"21":14,"22":14,"23":14,"24":14,"25":14,"26":42,"27":42,"28":4,"29":4,"30":10,"31":10,"32":10,"33":10,"34":10,"35":30,"36":30,"37":2,"38":216,"39":2,"40":202,"41":2,"42":216,"43":202,"44":2,"45":360,"46":46,"47":46,"48":62,"49":32,"50":18,"51":30,"52":16,"53":12,"54":2,"55":1,"56":10,"57":10,"58":10,"59":42,"60":42,"61":42,"62":42,"63":42,"64":10,"65":10,"66":10,"67":10,"68":2,"69":126,"70":200,"71":1,"72":1},"f":{"0":2,"1":1,"2":10,"3":100,"4":1000,"5":11,"6":216,"7":202,"8":216,"9":360,"10":46,"11":1,"12":10,"13":126,"14":200},"b":{"0":[7,4],"1":[216,213,210,210],"2":[202,96],"3":[202,14],"4":[216,202],"5":[32,30],"6":[18,14],"7":[16,14],"8":[22,20],"9":[10,32]},"_coverageSchema":"1a1c01bbd47fc00a2c39e90264f33305004495a9","hash":"b5339c174e8df6061c2dbba6796016fac958bde3"}
,"/Users/theodoreong/repos/battleship/src/ship.js": {"path":"/Users/theodoreong/repos/battleship/src/ship.js","statementMap":{"0":{"start":{"line":3,"column":12},"end":{"line":3,"column":13}},"1":{"start":{"line":5,"column":8},"end":{"line":5,"column":29}},"2":{"start":{"line":9,"column":8},"end":{"line":9,"column":27}},"3":{"start":{"line":13,"column":8},"end":{"line":13,"column":25}},"4":{"start":{"line":16,"column":10},"end":{"line":16,"column":28}},"5":{"start":{"line":16,"column":16},"end":{"line":16,"column":28}},"6":{"start":{"line":18,"column":13},"end":{"line":18,"column":46}},"7":{"start":{"line":18,"column":19},"end":{"line":18,"column":46}}},"fnMap":{"0":{"name":"(anonymous_0)","decl":{"start":{"line":4,"column":4},"end":{"line":4,"column":5}},"loc":{"start":{"line":4,"column":24},"end":{"line":6,"column":5}},"line":4},"1":{"name":"(anonymous_1)","decl":{"start":{"line":8,"column":4},"end":{"line":8,"column":5}},"loc":{"start":{"line":8,"column":17},"end":{"line":10,"column":5}},"line":8},"2":{"name":"(anonymous_2)","decl":{"start":{"line":12,"column":4},"end":{"line":12,"column":5}},"loc":{"start":{"line":12,"column":15},"end":{"line":14,"column":5}},"line":12},"3":{"name":"(anonymous_3)","decl":{"start":{"line":16,"column":10},"end":{"line":16,"column":11}},"loc":{"start":{"line":16,"column":16},"end":{"line":16,"column":28}},"line":16},"4":{"name":"(anonymous_4)","decl":{"start":{"line":18,"column":13},"end":{"line":18,"column":14}},"loc":{"start":{"line":18,"column":19},"end":{"line":18,"column":46}},"line":18}},"branchMap":{},"s":{"0":11,"1":11,"2":1,"3":2,"4":11,"5":1,"6":11,"7":1},"f":{"0":11,"1":1,"2":2,"3":1,"4":1},"b":{},"_coverageSchema":"1a1c01bbd47fc00a2c39e90264f33305004495a9","hash":"7d1f090bc49053d4484ca94fbfe200c19f72f7f8"}
}
