TN:
SF:src/game.js
FN:5,(anonymous_0)
FN:17,(anonymous_1)
FN:21,(anonymous_2)
FN:22,(anonymous_3)
FN:24,(anonymous_4)
FN:29,(anonymous_5)
FN:53,(anonymous_6)
FN:55,(anonymous_7)
FN:57,(anonymous_8)
FN:61,(anonymous_9)
FN:63,(anonymous_10)
FN:76,(anonymous_11)
FN:77,(anonymous_12)
FN:101,(anonymous_13)
FN:106,(anonymous_14)
FNF:15
FNH:15
FNDA:2,(anonymous_0)
FNDA:1,(anonymous_1)
FNDA:10,(anonymous_2)
FNDA:100,(anonymous_3)
FNDA:1000,(anonymous_4)
FNDA:11,(anonymous_5)
FNDA:216,(anonymous_6)
FNDA:202,(anonymous_7)
FNDA:216,(anonymous_8)
FNDA:360,(anonymous_9)
FNDA:46,(anonymous_10)
FNDA:1,(anonymous_11)
FNDA:10,(anonymous_12)
FNDA:126,(anonymous_13)
FNDA:200,(anonymous_14)
DA:4,2
DA:6,2
DA:7,2
DA:8,2
DA:10,2
DA:11,20
DA:12,20
DA:13,200
DA:18,1
DA:21,2
DA:22,10
DA:23,100
DA:24,1000
DA:25,100
DA:29,2
DA:30,11
DA:31,7
DA:32,14
DA:33,14
DA:34,14
DA:35,14
DA:36,42
DA:37,42
DA:41,4
DA:42,10
DA:43,10
DA:44,10
DA:45,10
DA:46,30
DA:47,30
DA:53,216
DA:55,202
DA:57,2
DA:58,216
DA:61,360
DA:64,46
DA:65,62
DA:67,32
DA:70,30
DA:73,12
DA:76,2
DA:77,1
DA:78,10
DA:79,10
DA:82,10
DA:83,42
DA:84,42
DA:85,42
DA:86,42
DA:87,42
DA:88,10
DA:89,10
DA:92,10
DA:93,10
DA:101,126
DA:107,200
DA:111,1
DA:112,1
LF:58
LH:58
BRDA:30,0,0,7
BRDA:30,0,1,4
BRDA:53,1,0,216
BRDA:53,1,1,213
BRDA:53,1,2,210
BRDA:53,1,3,210
BRDA:55,2,0,202
BRDA:55,2,1,96
BRDA:58,3,0,202
BRDA:58,3,1,14
BRDA:58,4,0,216
BRDA:58,4,1,202
BRDA:65,5,0,32
BRDA:65,5,1,30
BRDA:67,6,0,18
BRDA:67,6,1,14
BRDA:70,7,0,16
BRDA:70,7,1,14
BRDA:85,8,0,22
BRDA:85,8,1,20
BRDA:87,9,0,10
BRDA:87,9,1,32
BRF:22
BRH:22
end_of_record
TN:
SF:src/ship.js
FN:4,(anonymous_0)
FN:8,(anonymous_1)
FN:12,(anonymous_2)
FN:16,(anonymous_3)
FN:18,(anonymous_4)
FNF:5
FNH:5
FNDA:11,(anonymous_0)
FNDA:1,(anonymous_1)
FNDA:2,(anonymous_2)
FNDA:1,(anonymous_3)
FNDA:1,(anonymous_4)
DA:3,11
DA:5,11
DA:9,1
DA:13,2
DA:16,11
DA:18,11
LF:6
LH:6
BRF:0
BRH:0
end_of_record
